<?xml version="1.0" encoding="UTF-8"?>
<!-- Generated by org.testng.reporters.JUnitReportReporter -->
<testsuite ignored="0" hostname="adil" failures="0" tests="1" name="test.FbPagetest" time="0.080" errors="0" timestamp="25 Apr 2023 06:33:04 GMT" skipped="0">
  <testcase classname="test.FbPagetest" name="homepagetest" time="0.080"/>
</testsuite> <!-- test.FbPagetest -->
