<?xml version="1.0" encoding="UTF-8"?>
<!-- Generated by org.testng.reporters.JUnitReportReporter -->
<testsuite ignored="0" hostname="adil" failures="0" tests="1" name="test1.HomeTest1" time="0.360" errors="0" timestamp="25 Apr 2023 16:10:10 GMT" skipped="0">
  <testcase classname="test1.HomeTest1" name="homepagetest" time="0.360"/>
</testsuite> <!-- test1.HomeTest1 -->
